# JRE version: Java(TM) SE Runtime Environment (8.0_191-b12) (build 1.8.0_191-b12)
# Java VM: Java HotSpot(TM) 64-Bit Server VM (25.191-b12 mixed mode windows-amd64 compressed oops)
Heap:
 PSYoungGen      total 188416K, used 23242K [0x00000000d5e00000, 0x00000000e3000000, 0x0000000100000000)
  eden space 169984K, 2% used [0x00000000d5e00000,0x00000000d62b5a38,0x00000000e0400000)
  from space 18432K, 99% used [0x00000000e0980000,0x00000000e1b7d0d8,0x00000000e1b80000)
  to   space 20992K, 0% used [0x00000000e1b80000,0x00000000e1b80000,0x00000000e3000000)
 ParOldGen       total 111104K, used 30196K [0x0000000081a00000, 0x0000000088680000, 0x00000000d5e00000)
  object space 111104K, 27% used [0x0000000081a00000,0x000000008377d1e0,0x0000000088680000)
 Metaspace       used 57273K, capacity 58168K, committed 58408K, reserved 1099776K
  class space    used 7238K, capacity 7434K, committed 7464K, reserved 1048576K
GC Heap History (10 events):
Event: 8.882 GC heap before
{Heap before GC invocations=9 (full 1):
 PSYoungGen      total 138240K, used 109623K [0x00000000d5e00000, 0x00000000e0d00000, 0x0000000100000000)
  eden space 128512K, 77% used [0x00000000d5e00000,0x00000000dbf941e8,0x00000000ddb80000)
  from space 9728K, 99% used [0x00000000ddb80000,0x00000000de4f9b80,0x00000000de500000)
  to   space 13312K, 0% used [0x00000000e0000000,0x00000000e0000000,0x00000000e0d00000)
 ParOldGen       total 62464K, used 14221K [0x0000000081a00000, 0x0000000085700000, 0x00000000d5e00000)
  object space 62464K, 22% used [0x0000000081a00000,0x00000000827e35c8,0x0000000085700000)
 Metaspace       used 34730K, capacity 35364K, committed 35496K, reserved 1079296K
  class space    used 4511K, capacity 4698K, committed 4776K, reserved 1048576K
Event: 8.902 GC heap after
Heap after GC invocations=9 (full 1):
 PSYoungGen      total 161792K, used 13295K [0x00000000d5e00000, 0x00000000e3b80000, 0x0000000100000000)
  eden space 148480K, 0% used [0x00000000d5e00000,0x00000000d5e00000,0x00000000def00000)
  from space 13312K, 99% used [0x00000000e0000000,0x00000000e0cfbc80,0x00000000e0d00000)
  to   space 17408K, 0% used [0x00000000def00000,0x00000000def00000,0x00000000e0000000)
 ParOldGen       total 62464K, used 19163K [0x0000000081a00000, 0x0000000085700000, 0x00000000d5e00000)
  object space 62464K, 30% used [0x0000000081a00000,0x0000000082cb6eb0,0x0000000085700000)
 Metaspace       used 34730K, capacity 35364K, committed 35496K, reserved 1079296K
  class space    used 4511K, capacity 4698K, committed 4776K, reserved 1048576K
}
Event: 8.902 GC heap before
{Heap before GC invocations=10 (full 2):
 PSYoungGen      total 161792K, used 13295K [0x00000000d5e00000, 0x00000000e3b80000, 0x0000000100000000)
  eden space 148480K, 0% used [0x00000000d5e00000,0x00000000d5e00000,0x00000000def00000)
  from space 13312K, 99% used [0x00000000e0000000,0x00000000e0cfbc80,0x00000000e0d00000)
  to   space 17408K, 0% used [0x00000000def00000,0x00000000def00000,0x00000000e0000000)
 ParOldGen       total 62464K, used 19163K [0x0000000081a00000, 0x0000000085700000, 0x00000000d5e00000)
  object space 62464K, 30% used [0x0000000081a00000,0x0000000082cb6eb0,0x0000000085700000)
 Metaspace       used 34730K, capacity 35364K, committed 35496K, reserved 1079296K
  class space    used 4511K, capacity 4698K, committed 4776K, reserved 1048576K
Event: 9.026 GC heap after
Heap after GC invocations=10 (full 2):
 PSYoungGen      total 161792K, used 0K [0x00000000d5e00000, 0x00000000e3b80000, 0x0000000100000000)
  eden space 148480K, 0% used [0x00000000d5e00000,0x00000000d5e00000,0x00000000def00000)
  from space 13312K, 0% used [0x00000000e0000000,0x00000000e0000000,0x00000000e0d00000)
  to   space 17408K, 0% used [0x00000000def00000,0x00000000def00000,0x00000000e0000000)
 ParOldGen       total 111104K, used 26122K [0x0000000081a00000, 0x0000000088680000, 0x00000000d5e00000)
  object space 111104K, 23% used [0x0000000081a00000,0x0000000083382860,0x0000000088680000)
 Metaspace       used 34730K, capacity 35364K, committed 35496K, reserved 1079296K
  class space    used 4511K, capacity 4698K, committed 4776K, reserved 1048576K
}
Event: 12.476 GC heap before
{Heap before GC invocations=11 (full 2):
 PSYoungGen      total 161792K, used 148480K [0x00000000d5e00000, 0x00000000e3b80000, 0x0000000100000000)
  eden space 148480K, 100% used [0x00000000d5e00000,0x00000000def00000,0x00000000def00000)
  from space 13312K, 0% used [0x00000000e0000000,0x00000000e0000000,0x00000000e0d00000)
  to   space 17408K, 0% used [0x00000000def00000,0x00000000def00000,0x00000000e0000000)
 ParOldGen       total 111104K, used 26122K [0x0000000081a00000, 0x0000000088680000, 0x00000000d5e00000)
  object space 111104K, 23% used [0x0000000081a00000,0x0000000083382860,0x0000000088680000)
 Metaspace       used 43723K, capacity 44478K, committed 44712K, reserved 1087488K
  class space    used 5737K, capacity 5929K, committed 6056K, reserved 1048576K
Event: 12.492 GC heap after
Heap after GC invocations=11 (full 2):
 PSYoungGen      total 165888K, used 13598K [0x00000000d5e00000, 0x00000000e2f80000, 0x0000000100000000)
  eden space 148480K, 0% used [0x00000000d5e00000,0x00000000d5e00000,0x00000000def00000)
  from space 17408K, 78% used [0x00000000def00000,0x00000000dfc47a08,0x00000000e0000000)
  to   space 17920K, 0% used [0x00000000e1e00000,0x00000000e1e00000,0x00000000e2f80000)
 ParOldGen       total 111104K, used 26130K [0x0000000081a00000, 0x0000000088680000, 0x00000000d5e00000)
  object space 111104K, 23% used [0x0000000081a00000,0x0000000083384860,0x0000000088680000)
 Metaspace       used 43723K, capacity 44478K, committed 44712K, reserved 1087488K
  class space    used 5737K, capacity 5929K, committed 6056K, reserved 1048576K
}
Event: 15.898 GC heap before
{Heap before GC invocations=12 (full 2):
 PSYoungGen      total 165888K, used 162078K [0x00000000d5e00000, 0x00000000e2f80000, 0x0000000100000000)
  eden space 148480K, 100% used [0x00000000d5e00000,0x00000000def00000,0x00000000def00000)
  from space 17408K, 78% used [0x00000000def00000,0x00000000dfc47a08,0x00000000e0000000)
  to   space 17920K, 0% used [0x00000000e1e00000,0x00000000e1e00000,0x00000000e2f80000)
 ParOldGen       total 111104K, used 26130K [0x0000000081a00000, 0x0000000088680000, 0x00000000d5e00000)
  object space 111104K, 23% used [0x0000000081a00000,0x0000000083384860,0x0000000088680000)
 Metaspace       used 47028K, capacity 47774K, committed 48168K, reserved 1091584K
  class space    used 6214K, capacity 6383K, committed 6440K, reserved 1048576K
Event: 15.914 GC heap after
Heap after GC invocations=12 (full 2):
 PSYoungGen      total 191488K, used 12500K [0x00000000d5e00000, 0x00000000e2d80000, 0x0000000100000000)
  eden space 175616K, 0% used [0x00000000d5e00000,0x00000000d5e00000,0x00000000e0980000)
  from space 15872K, 78% used [0x00000000e1e00000,0x00000000e2a35388,0x00000000e2d80000)
  to   space 18432K, 0% used [0x00000000e0980000,0x00000000e0980000,0x00000000e1b80000)
 ParOldGen       total 111104K, used 26138K [0x0000000081a00000, 0x0000000088680000, 0x00000000d5e00000)
  object space 111104K, 23% used [0x0000000081a00000,0x0000000083386860,0x0000000088680000)
 Metaspace       used 47028K, capacity 47774K, committed 48168K, reserved 1091584K
  class space    used 6214K, capacity 6383K, committed 6440K, reserved 1048576K
}
Event: 316.984 GC heap before
{Heap before GC invocations=13 (full 2):
 PSYoungGen      total 191488K, used 188116K [0x00000000d5e00000, 0x00000000e2d80000, 0x0000000100000000)
  eden space 175616K, 100% used [0x00000000d5e00000,0x00000000e0980000,0x00000000e0980000)
  from space 15872K, 78% used [0x00000000e1e00000,0x00000000e2a35388,0x00000000e2d80000)
  to   space 18432K, 0% used [0x00000000e0980000,0x00000000e0980000,0x00000000e1b80000)
 ParOldGen       total 111104K, used 26138K [0x0000000081a00000, 0x0000000088680000, 0x00000000d5e00000)
  object space 111104K, 23% used [0x0000000081a00000,0x0000000083386860,0x0000000088680000)
 Metaspace       used 57249K, capacity 58104K, committed 58408K, reserved 1099776K
  class space    used 7237K, capacity 7434K, committed 7464K, reserved 1048576K
Event: 317.036 GC heap after
Heap after GC invocations=13 (full 2):
 PSYoungGen      total 188416K, used 18420K [0x00000000d5e00000, 0x00000000e3000000, 0x0000000100000000)
  eden space 169984K, 0% used [0x00000000d5e00000,0x00000000d5e00000,0x00000000e0400000)
  from space 18432K, 99% used [0x00000000e0980000,0x00000000e1b7d0d8,0x00000000e1b80000)
  to   space 20992K, 0% used [0x00000000e1b80000,0x00000000e1b80000,0x00000000e3000000)
 ParOldGen       total 111104K, used 30196K [0x0000000081a00000, 0x0000000088680000, 0x00000000d5e00000)
  object space 111104K, 27% used [0x0000000081a00000,0x000000008377d1e0,0x0000000088680000)
 Metaspace       used 57249K, capacity 58104K, committed 58408K, reserved 1099776K
  class space    used 7237K, capacity 7434K, committed 7464K, reserved 1048576K
}

