# JRE version: Java(TM) SE Runtime Environment (8.0_191-b12) (build 1.8.0_191-b12)
# Java VM: Java HotSpot(TM) 64-Bit Server VM (25.191-b12 mixed mode windows-amd64 compressed oops)
Heap:
 PSYoungGen      total 194560K, used 55315K [0x00000000d5e00000, 0x00000000e5480000, 0x0000000100000000)
  eden space 176128K, 20% used [0x00000000d5e00000,0x00000000d82063d0,0x00000000e0a00000)
  from space 18432K, 99% used [0x00000000e0a00000,0x00000000e1bfe8e0,0x00000000e1c00000)
  to   space 22528K, 0% used [0x00000000e3e80000,0x00000000e3e80000,0x00000000e5480000)
 ParOldGen       total 111104K, used 30656K [0x0000000081a00000, 0x0000000088680000, 0x00000000d5e00000)
  object space 111104K, 27% used [0x0000000081a00000,0x00000000837f0020,0x0000000088680000)
 Metaspace       used 57580K, capacity 58486K, committed 58712K, reserved 1099776K
  class space    used 7267K, capacity 7472K, committed 7512K, reserved 1048576K
GC Heap History (10 events):
Event: 4.768 GC heap before
{Heap before GC invocations=9 (full 1):
 PSYoungGen      total 138240K, used 112398K [0x00000000d5e00000, 0x00000000e0b00000, 0x0000000100000000)
  eden space 128512K, 79% used [0x00000000d5e00000,0x00000000dc24b1d0,0x00000000ddb80000)
  from space 9728K, 99% used [0x00000000ddb80000,0x00000000de4f8740,0x00000000de500000)
  to   space 13312K, 0% used [0x00000000dfe00000,0x00000000dfe00000,0x00000000e0b00000)
 ParOldGen       total 62464K, used 14150K [0x0000000081a00000, 0x0000000085700000, 0x00000000d5e00000)
  object space 62464K, 22% used [0x0000000081a00000,0x00000000827d1900,0x0000000085700000)
 Metaspace       used 34606K, capacity 35236K, committed 35416K, reserved 1079296K
  class space    used 4469K, capacity 4634K, committed 4696K, reserved 1048576K
Event: 4.787 GC heap after
Heap after GC invocations=9 (full 1):
 PSYoungGen      total 159744K, used 13289K [0x00000000d5e00000, 0x00000000e3a80000, 0x0000000100000000)
  eden space 146432K, 0% used [0x00000000d5e00000,0x00000000d5e00000,0x00000000ded00000)
  from space 13312K, 99% used [0x00000000dfe00000,0x00000000e0afa480,0x00000000e0b00000)
  to   space 17408K, 0% used [0x00000000ded00000,0x00000000ded00000,0x00000000dfe00000)
 ParOldGen       total 62464K, used 18980K [0x0000000081a00000, 0x0000000085700000, 0x00000000d5e00000)
  object space 62464K, 30% used [0x0000000081a00000,0x0000000082c891d0,0x0000000085700000)
 Metaspace       used 34606K, capacity 35236K, committed 35416K, reserved 1079296K
  class space    used 4469K, capacity 4634K, committed 4696K, reserved 1048576K
}
Event: 4.787 GC heap before
{Heap before GC invocations=10 (full 2):
 PSYoungGen      total 159744K, used 13289K [0x00000000d5e00000, 0x00000000e3a80000, 0x0000000100000000)
  eden space 146432K, 0% used [0x00000000d5e00000,0x00000000d5e00000,0x00000000ded00000)
  from space 13312K, 99% used [0x00000000dfe00000,0x00000000e0afa480,0x00000000e0b00000)
  to   space 17408K, 0% used [0x00000000ded00000,0x00000000ded00000,0x00000000dfe00000)
 ParOldGen       total 62464K, used 18980K [0x0000000081a00000, 0x0000000085700000, 0x00000000d5e00000)
  object space 62464K, 30% used [0x0000000081a00000,0x0000000082c891d0,0x0000000085700000)
 Metaspace       used 34606K, capacity 35236K, committed 35416K, reserved 1079296K
  class space    used 4469K, capacity 4634K, committed 4696K, reserved 1048576K
Event: 4.904 GC heap after
Heap after GC invocations=10 (full 2):
 PSYoungGen      total 159744K, used 0K [0x00000000d5e00000, 0x00000000e3a80000, 0x0000000100000000)
  eden space 146432K, 0% used [0x00000000d5e00000,0x00000000d5e00000,0x00000000ded00000)
  from space 13312K, 0% used [0x00000000dfe00000,0x00000000dfe00000,0x00000000e0b00000)
  to   space 17408K, 0% used [0x00000000ded00000,0x00000000ded00000,0x00000000dfe00000)
 ParOldGen       total 111104K, used 26025K [0x0000000081a00000, 0x0000000088680000, 0x00000000d5e00000)
  object space 111104K, 23% used [0x0000000081a00000,0x000000008336a428,0x0000000088680000)
 Metaspace       used 34606K, capacity 35236K, committed 35416K, reserved 1079296K
  class space    used 4469K, capacity 4634K, committed 4696K, reserved 1048576K
}
Event: 6.804 GC heap before
{Heap before GC invocations=11 (full 2):
 PSYoungGen      total 159744K, used 146432K [0x00000000d5e00000, 0x00000000e3a80000, 0x0000000100000000)
  eden space 146432K, 100% used [0x00000000d5e00000,0x00000000ded00000,0x00000000ded00000)
  from space 13312K, 0% used [0x00000000dfe00000,0x00000000dfe00000,0x00000000e0b00000)
  to   space 17408K, 0% used [0x00000000ded00000,0x00000000ded00000,0x00000000dfe00000)
 ParOldGen       total 111104K, used 26025K [0x0000000081a00000, 0x0000000088680000, 0x00000000d5e00000)
  object space 111104K, 23% used [0x0000000081a00000,0x000000008336a428,0x0000000088680000)
 Metaspace       used 43769K, capacity 44446K, committed 44888K, reserved 1087488K
  class space    used 5736K, capacity 5897K, committed 5976K, reserved 1048576K
Event: 6.819 GC heap after
Heap after GC invocations=11 (full 2):
 PSYoungGen      total 163840K, used 13783K [0x00000000d5e00000, 0x00000000e2e00000, 0x0000000100000000)
  eden space 146432K, 0% used [0x00000000d5e00000,0x00000000d5e00000,0x00000000ded00000)
  from space 17408K, 79% used [0x00000000ded00000,0x00000000dfa75d78,0x00000000dfe00000)
  to   space 18432K, 0% used [0x00000000e1c00000,0x00000000e1c00000,0x00000000e2e00000)
 ParOldGen       total 111104K, used 26033K [0x0000000081a00000, 0x0000000088680000, 0x00000000d5e00000)
  object space 111104K, 23% used [0x0000000081a00000,0x000000008336c428,0x0000000088680000)
 Metaspace       used 43769K, capacity 44446K, committed 44888K, reserved 1087488K
  class space    used 5736K, capacity 5897K, committed 5976K, reserved 1048576K
}
Event: 8.204 GC heap before
{Heap before GC invocations=12 (full 2):
 PSYoungGen      total 163840K, used 160215K [0x00000000d5e00000, 0x00000000e2e00000, 0x0000000100000000)
  eden space 146432K, 100% used [0x00000000d5e00000,0x00000000ded00000,0x00000000ded00000)
  from space 17408K, 79% used [0x00000000ded00000,0x00000000dfa75d78,0x00000000dfe00000)
  to   space 18432K, 0% used [0x00000000e1c00000,0x00000000e1c00000,0x00000000e2e00000)
 ParOldGen       total 111104K, used 26033K [0x0000000081a00000, 0x0000000088680000, 0x00000000d5e00000)
  object space 111104K, 23% used [0x0000000081a00000,0x000000008336c428,0x0000000088680000)
 Metaspace       used 47125K, capacity 47864K, committed 48216K, reserved 1091584K
  class space    used 6215K, capacity 6414K, committed 6488K, reserved 1048576K
Event: 8.232 GC heap after
Heap after GC invocations=12 (full 2):
 PSYoungGen      total 194560K, used 12461K [0x00000000d5e00000, 0x00000000e2f00000, 0x0000000100000000)
  eden space 176128K, 0% used [0x00000000d5e00000,0x00000000d5e00000,0x00000000e0a00000)
  from space 18432K, 67% used [0x00000000e1c00000,0x00000000e282b5e8,0x00000000e2e00000)
  to   space 18432K, 0% used [0x00000000e0a00000,0x00000000e0a00000,0x00000000e1c00000)
 ParOldGen       total 111104K, used 26041K [0x0000000081a00000, 0x0000000088680000, 0x00000000d5e00000)
  object space 111104K, 23% used [0x0000000081a00000,0x000000008336e428,0x0000000088680000)
 Metaspace       used 47125K, capacity 47864K, committed 48216K, reserved 1091584K
  class space    used 6215K, capacity 6414K, committed 6488K, reserved 1048576K
}
Event: 19.898 GC heap before
{Heap before GC invocations=13 (full 2):
 PSYoungGen      total 194560K, used 188589K [0x00000000d5e00000, 0x00000000e2f00000, 0x0000000100000000)
  eden space 176128K, 100% used [0x00000000d5e00000,0x00000000e0a00000,0x00000000e0a00000)
  from space 18432K, 67% used [0x00000000e1c00000,0x00000000e282b5e8,0x00000000e2e00000)
  to   space 18432K, 0% used [0x00000000e0a00000,0x00000000e0a00000,0x00000000e1c00000)
 ParOldGen       total 111104K, used 26041K [0x0000000081a00000, 0x0000000088680000, 0x00000000d5e00000)
  object space 111104K, 23% used [0x0000000081a00000,0x000000008336e428,0x0000000088680000)
 Metaspace       used 56823K, capacity 57674K, committed 58072K, reserved 1099776K
  class space    used 7174K, capacity 7373K, committed 7384K, reserved 1048576K
Event: 19.921 GC heap after
Heap after GC invocations=13 (full 2):
 PSYoungGen      total 194560K, used 18426K [0x00000000d5e00000, 0x00000000e5480000, 0x0000000100000000)
  eden space 176128K, 0% used [0x00000000d5e00000,0x00000000d5e00000,0x00000000e0a00000)
  from space 18432K, 99% used [0x00000000e0a00000,0x00000000e1bfe8e0,0x00000000e1c00000)
  to   space 22528K, 0% used [0x00000000e3e80000,0x00000000e3e80000,0x00000000e5480000)
 ParOldGen       total 111104K, used 30656K [0x0000000081a00000, 0x0000000088680000, 0x00000000d5e00000)
  object space 111104K, 27% used [0x0000000081a00000,0x00000000837f0020,0x0000000088680000)
 Metaspace       used 56823K, capacity 57674K, committed 58072K, reserved 1099776K
  class space    used 7174K, capacity 7373K, committed 7384K, reserved 1048576K
}

